<?xml version="1.0" encoding="UTF-8"?>
<!-- Generated by org.testng.reporters.JUnitReportReporter -->
<testsuite name="backend.SimpleTest" tests="1" time="0.727" ignored="0" failures="0" timestamp="21 июн 2017 19:32:06 GMT" skipped="0" hostname="DESKTOP-ALG8DUA" errors="0">
  <testcase name="subTaskCRUD" time="0.727" classname="backend.SimpleTest"/>
</testsuite> <!-- backend.SimpleTest -->
